This file contains any messages produced by compilers while
running configure, to aid debugging if configure makes a mistake.

It was created by libpng configure 1.5.16, which was
generated by GNU Autoconf 2.69.  Invocation command line was

  $ ./configure --enable-static

## --------- ##
## Platform. ##
## --------- ##

hostname = LAPTOP-L4CVDUVQ
uname -m = i686
uname -r = 1.0.19(0.48/3/2)
uname -s = MINGW32_NT-6.2
uname -v = 2016-07-13 17:45

/usr/bin/uname -p = unknown
/bin/uname -X     = unknown

/bin/arch              = unknown
/usr/bin/arch -k       = unknown
/usr/convex/getsysinfo = unknown
/usr/bin/hostinfo      = unknown
/bin/machine           = unknown
/usr/bin/oslevel       = unknown
/bin/universe          = unknown

PATH: .
PATH: /usr/local/bin
PATH: /mingw/bin
PATH: /bin
PATH: /c/ProgramData/Oracle/Java/javapath
PATH: /c/Program Files (x86)/NVIDIA Corporation/PhysX/Common
PATH: /c/WINDOWS/system32
PATH: /c/WINDOWS
PATH: /c/WINDOWS/System32/Wbem
PATH: /c/WINDOWS/System32/WindowsPowerShell/v1.0/
PATH: /c/Program Files (x86)/Skype/Phone/
PATH: /c/Program Files (x86)/Windows Kits/10/Windows Performance Toolkit/
PATH: /c/Program Files/MySQL/MySQL Utilities 1.6/
PATH: /c/Users/Gwydion/Documents/NMLC
PATH: /mingw/bin
PATH: /c/Users/Gwydion/AppData/Local/Microsoft/WindowsApps
PATH: .


## ----------- ##
## Core tests. ##
## ----------- ##

configure:2352: checking for a BSD-compatible install
configure:2420: result: /bin/install -c
configure:2431: checking whether build environment is sane
configure:2486: result: yes
configure:2637: checking for a thread-safe mkdir -p
configure:2676: result: /bin/mkdir -p
configure:2683: checking for gawk
configure:2699: found /bin/gawk
configure:2710: result: gawk
configure:2721: checking whether make sets $(MAKE)
configure:2743: result: yes
configure:2772: checking whether make supports nested variables
configure:2789: result: yes
configure:2869: checking whether to enable maintainer-specific portions of Makefiles
configure:2878: result: no
configure:2957: checking for gcc
configure:2973: found /mingw/bin/gcc
configure:2984: result: gcc
configure:3213: checking for C compiler version
configure:3222: gcc --version >&5
gcc.exe (GCC) 4.6.2
Copyright (C) 2011 Free Software Foundation, Inc.
This is free software; see the source for copying conditions.  There is NO
warranty; not even for MERCHANTABILITY or FITNESS FOR A PARTICULAR PURPOSE.

configure:3233: $? = 0
configure:3222: gcc -v >&5
Using built-in specs.
COLLECT_GCC=C:\MinGW\bin\gcc.exe
COLLECT_LTO_WRAPPER=c:/mingw/bin/../libexec/gcc/mingw32/4.6.2/lto-wrapper.exe
Target: mingw32
Configured with: ../gcc-4.6.2/configure --enable-languages=c,c++,ada,fortran,objc,obj-c++ --disable-sjlj-exceptions --with-dwarf2 --enable-shared --enable-libgomp --disable-win32-registry --enable-libstdcxx-debug --enable-version-specific-runtime-libs --build=mingw32 --prefix=/mingw
Thread model: win32
gcc version 4.6.2 (GCC) 
configure:3233: $? = 0
configure:3222: gcc -V >&5
gcc.exe: error: unrecognized option '-V'
gcc.exe: fatal error: no input files
compilation terminated.
configure:3233: $? = 1
configure:3222: gcc -qversion >&5
gcc.exe: error: unrecognized option '-qversion'
gcc.exe: fatal error: no input files
compilation terminated.
configure:3233: $? = 1
configure:3253: checking whether the C compiler works
configure:3275: gcc    conftest.c  >&5
configure:3279: $? = 0
configure:3327: result: yes
configure:3330: checking for C compiler default output file name
configure:3332: result: a.exe
configure:3338: checking for suffix of executables
configure:3345: gcc -o conftest.exe    conftest.c  >&5
configure:3349: $? = 0
configure:3371: result: .exe
configure:3393: checking whether we are cross compiling
configure:3401: gcc -o conftest.exe    conftest.c  >&5
configure:3405: $? = 0
configure:3412: ./conftest.exe
configure:3416: $? = 0
configure:3431: result: no
configure:3436: checking for suffix of object files
configure:3458: gcc -c   conftest.c >&5
configure:3462: $? = 0
configure:3483: result: o
configure:3487: checking whether we are using the GNU C compiler
configure:3506: gcc -c   conftest.c >&5
configure:3506: $? = 0
configure:3515: result: yes
configure:3524: checking whether gcc accepts -g
configure:3544: gcc -c -g  conftest.c >&5
configure:3544: $? = 0
configure:3585: result: yes
configure:3602: checking for gcc option to accept ISO C89
configure:3665: gcc  -c -g -O2  conftest.c >&5
configure:3665: $? = 0
configure:3678: result: none needed
configure:3709: checking for style of include used by make
configure:3737: result: GNU
configure:3763: checking dependency style of gcc
configure:3874: result: gcc3
configure:3898: checking dependency style of gcc
configure:4007: result: gcc3
configure:4026: checking build system type
configure:4040: result: i686-pc-mingw32
configure:4060: checking host system type
configure:4073: result: i686-pc-mingw32
configure:4093: checking for a sed that does not truncate output
configure:4157: result: /bin/sed
configure:4175: checking for grep that handles long lines and -e
configure:4233: result: /bin/grep
configure:4238: checking for egrep
configure:4300: result: /bin/grep -E
configure:4305: checking for fgrep
configure:4367: result: /bin/grep -F
configure:4394: checking how to print strings
configure:4421: result: printf
configure:4454: checking for ld used by gcc
configure:4521: result: c:/mingw/mingw32/bin/ld.exe
configure:4528: checking if the linker (c:/mingw/mingw32/bin/ld.exe) is GNU ld
configure:4543: result: yes
configure:4560: checking how to run the C preprocessor
configure:4591: gcc -E  conftest.c
configure:4591: $? = 0
configure:4605: gcc -E  conftest.c
conftest.c:11:28: fatal error: ac_nonexistent.h: No such file or directory
compilation terminated.
configure:4605: $? = 1
configure: failed program was:
| /* confdefs.h */
| #define PACKAGE_NAME "libpng"
| #define PACKAGE_TARNAME "libpng"
| #define PACKAGE_VERSION "1.5.16"
| #define PACKAGE_STRING "libpng 1.5.16"
| #define PACKAGE_BUGREPORT "png-mng-implement@lists.sourceforge.net"
| #define PACKAGE_URL ""
| #define PACKAGE "libpng"
| #define VERSION "1.5.16"
| /* end confdefs.h.  */
| #include <ac_nonexistent.h>
configure:4630: result: gcc -E
configure:4650: gcc -E  conftest.c
configure:4650: $? = 0
configure:4664: gcc -E  conftest.c
conftest.c:11:28: fatal error: ac_nonexistent.h: No such file or directory
compilation terminated.
configure:4664: $? = 1
configure: failed program was:
| /* confdefs.h */
| #define PACKAGE_NAME "libpng"
| #define PACKAGE_TARNAME "libpng"
| #define PACKAGE_VERSION "1.5.16"
| #define PACKAGE_STRING "libpng 1.5.16"
| #define PACKAGE_BUGREPORT "png-mng-implement@lists.sourceforge.net"
| #define PACKAGE_URL ""
| #define PACKAGE "libpng"
| #define VERSION "1.5.16"
| /* end confdefs.h.  */
| #include <ac_nonexistent.h>
configure:4692: checking for a sed that does not truncate output
configure:4756: result: /bin/sed
configure:4765: checking for gawk
configure:4792: result: gawk
configure:4804: checking whether ln -s works
configure:4811: result: no, using cp -pR
configure:4815: checking whether make sets $(MAKE)
configure:4837: result: yes
configure:4888: checking for BSD- or MS-compatible name lister (nm)
configure:4937: result: /bin/nm -B
configure:5067: checking the name lister (/bin/nm -B) interface
configure:5074: gcc -c -g -O2  conftest.c >&5
configure:5077: /bin/nm -B "conftest.o"
configure:5080: output
00000000 b .bss
00000000 d .data
00000000 N .debug_abbrev
00000000 N .debug_info
00000000 N .debug_line
00000000 t .text
00000000 B _some_variable
configure:5087: result: BSD nm
configure:5091: checking the maximum length of command line arguments
configure:5221: result: 8192
configure:5238: checking whether the shell understands some XSI constructs
configure:5248: result: yes
configure:5252: checking whether the shell understands "+="
configure:5258: result: yes
configure:5293: checking how to convert i686-pc-mingw32 file names to i686-pc-mingw32 format
configure:5333: result: func_convert_file_msys_to_w32
configure:5340: checking how to convert i686-pc-mingw32 file names to toolchain format
configure:5360: result: func_convert_file_msys_to_w32
configure:5367: checking for c:/mingw/mingw32/bin/ld.exe option to reload object files
configure:5374: result: -r
configure:5448: checking for objdump
configure:5464: found /mingw/bin/objdump
configure:5475: result: objdump
configure:5504: checking how to recognize dependent libraries
configure:5706: result: file_magic ^x86 archive import|^x86 DLL
configure:5791: checking for dlltool
configure:5807: found /mingw/bin/dlltool
configure:5818: result: dlltool
configure:5848: checking how to associate runtime and link libraries
configure:5875: result: func_cygming_dll_for_implib
configure:5936: checking for ar
configure:5952: found /mingw/bin/ar
configure:5963: result: ar
configure:6000: checking for archiver @FILE support
configure:6017: gcc -c -g -O2  conftest.c >&5
configure:6017: $? = 0
configure:6020: ar cru libconftest.a @conftest.lst >&5
configure:6023: $? = 0
configure:6028: ar cru libconftest.a @conftest.lst >&5
C:\MinGW\bin\ar.exe: conftest.o: No such file or directory
configure:6031: $? = 1
configure:6043: result: @
configure:6101: checking for strip
configure:6117: found /mingw/bin/strip
configure:6128: result: strip
configure:6200: checking for ranlib
configure:6216: found /mingw/bin/ranlib
configure:6227: result: ranlib
configure:6329: checking command to parse /bin/nm -B output from gcc object
configure:6449: gcc -c -g -O2  conftest.c >&5
configure:6452: $? = 0
configure:6456: /bin/nm -B conftest.o \| sed -n -e 's/^.*[ ]\([ABCDGIRSTW][ABCDGIRSTW]*\)[ ][ ]*\([_A-Za-z][_A-Za-z0-9]*\)\{0,1\}$/\1 \2 \2/p' | sed '/ __gnu_lto/d' \> conftest.nm
configure:6459: $? = 0
cannot find nm_test_var in conftest.nm
configure:6449: gcc -c -g -O2  conftest.c >&5
configure:6452: $? = 0
configure:6456: /bin/nm -B conftest.o \| sed -n -e 's/^.*[ ]\([ABCDGIRSTW][ABCDGIRSTW]*\)[ ][ ]*_\([_A-Za-z][_A-Za-z0-9]*\)\{0,1\}$/\1 _\2 \2/p' | sed '/ __gnu_lto/d' \> conftest.nm
configure:6459: $? = 0
configure:6525: gcc -o conftest.exe -g -O2   conftest.c conftstm.o >&5
configure:6528: $? = 0
configure:6566: result: ok
configure:6603: checking for sysroot
configure:6633: result: no
configure:6889: checking for mt
configure:6919: result: no
configure:6939: checking if : is a manifest tool
configure:6945: : '-?'
configure:6953: result: no
configure:7591: checking for ANSI C header files
configure:7611: gcc -c -g -O2  conftest.c >&5
configure:7611: $? = 0
configure:7684: gcc -o conftest.exe -g -O2   conftest.c  >&5
configure:7684: $? = 0
configure:7684: ./conftest.exe
configure:7684: $? = 0
configure:7695: result: yes
configure:7708: checking for sys/types.h
configure:7708: gcc -c -g -O2  conftest.c >&5
configure:7708: $? = 0
configure:7708: result: yes
configure:7708: checking for sys/stat.h
configure:7708: gcc -c -g -O2  conftest.c >&5
configure:7708: $? = 0
configure:7708: result: yes
configure:7708: checking for stdlib.h
configure:7708: gcc -c -g -O2  conftest.c >&5
configure:7708: $? = 0
configure:7708: result: yes
configure:7708: checking for string.h
configure:7708: gcc -c -g -O2  conftest.c >&5
configure:7708: $? = 0
configure:7708: result: yes
configure:7708: checking for memory.h
configure:7708: gcc -c -g -O2  conftest.c >&5
configure:7708: $? = 0
configure:7708: result: yes
configure:7708: checking for strings.h
configure:7708: gcc -c -g -O2  conftest.c >&5
configure:7708: $? = 0
configure:7708: result: yes
configure:7708: checking for inttypes.h
configure:7708: gcc -c -g -O2  conftest.c >&5
configure:7708: $? = 0
configure:7708: result: yes
configure:7708: checking for stdint.h
configure:7708: gcc -c -g -O2  conftest.c >&5
configure:7708: $? = 0
configure:7708: result: yes
configure:7708: checking for unistd.h
configure:7708: gcc -c -g -O2  conftest.c >&5
configure:7708: $? = 0
configure:7708: result: yes
configure:7722: checking for dlfcn.h
configure:7722: gcc -c -g -O2  conftest.c >&5
conftest.c:55:19: fatal error: dlfcn.h: No such file or directory
compilation terminated.
configure:7722: $? = 1
configure: failed program was:
| /* confdefs.h */
| #define PACKAGE_NAME "libpng"
| #define PACKAGE_TARNAME "libpng"
| #define PACKAGE_VERSION "1.5.16"
| #define PACKAGE_STRING "libpng 1.5.16"
| #define PACKAGE_BUGREPORT "png-mng-implement@lists.sourceforge.net"
| #define PACKAGE_URL ""
| #define PACKAGE "libpng"
| #define VERSION "1.5.16"
| #define STDC_HEADERS 1
| #define HAVE_SYS_TYPES_H 1
| #define HAVE_SYS_STAT_H 1
| #define HAVE_STDLIB_H 1
| #define HAVE_STRING_H 1
| #define HAVE_MEMORY_H 1
| #define HAVE_STRINGS_H 1
| #define HAVE_INTTYPES_H 1
| #define HAVE_STDINT_H 1
| #define HAVE_UNISTD_H 1
| /* end confdefs.h.  */
| #include <stdio.h>
| #ifdef HAVE_SYS_TYPES_H
| # include <sys/types.h>
| #endif
| #ifdef HAVE_SYS_STAT_H
| # include <sys/stat.h>
| #endif
| #ifdef STDC_HEADERS
| # include <stdlib.h>
| # include <stddef.h>
| #else
| # ifdef HAVE_STDLIB_H
| #  include <stdlib.h>
| # endif
| #endif
| #ifdef HAVE_STRING_H
| # if !defined STDC_HEADERS && defined HAVE_MEMORY_H
| #  include <memory.h>
| # endif
| # include <string.h>
| #endif
| #ifdef HAVE_STRINGS_H
| # include <strings.h>
| #endif
| #ifdef HAVE_INTTYPES_H
| # include <inttypes.h>
| #endif
| #ifdef HAVE_STDINT_H
| # include <stdint.h>
| #endif
| #ifdef HAVE_UNISTD_H
| # include <unistd.h>
| #endif
| 
| #include <dlfcn.h>
configure:7722: result: no
configure:7785: checking for as
configure:7801: found /mingw/bin/as
configure:7812: result: as
configure:7877: checking for dlltool
configure:7904: result: dlltool
configure:7969: checking for objdump
configure:7996: result: objdump
configure:8226: checking for objdir
configure:8241: result: .libs
configure:8508: checking if gcc supports -fno-rtti -fno-exceptions
configure:8526: gcc -c -g -O2  -fno-rtti -fno-exceptions conftest.c >&5
cc1.exe: warning: command line option '-fno-rtti' is valid for C++/ObjC++ but not for C [enabled by default]
configure:8530: $? = 0
configure:8543: result: no
configure:8870: checking for gcc option to produce PIC
configure:8877: result: -DDLL_EXPORT -DPIC
configure:8885: checking if gcc PIC flag -DDLL_EXPORT -DPIC works
configure:8903: gcc -c -g -O2  -DDLL_EXPORT -DPIC -DPIC conftest.c >&5
configure:8907: $? = 0
configure:8920: result: yes
configure:8949: checking if gcc static flag -static works
configure:8977: result: yes
configure:8992: checking if gcc supports -c -o file.o
configure:9013: gcc -c -g -O2  -o out/conftest2.o conftest.c >&5
configure:9017: $? = 0
configure:9039: result: yes
configure:9047: checking if gcc supports -c -o file.o
configure:9094: result: yes
configure:9127: checking whether the gcc linker (c:/mingw/mingw32/bin/ld.exe) supports shared libraries
configure:10280: result: yes
configure:10317: checking whether -lc should be explicitly linked in
configure:10325: gcc -c -g -O2  conftest.c >&5
configure:10328: $? = 0
configure:10343: gcc -shared conftest.o  -v -o ./conftest -Wl,--enable-auto-image-base -Xlinker --out-implib -Xlinker conftest 2\>\&1 \| /bin/grep  -lc  \>/dev/null 2\>\&1
configure:10346: $? = 1
configure:10360: result: yes
configure:10520: checking dynamic linker characteristics
configure:11253: result: Win32 ld.exe
configure:11360: checking how to hardcode library paths into programs
configure:11385: result: immediate
configure:11925: checking whether stripping libraries is possible
configure:11930: result: yes
configure:11965: checking if libtool supports shared libraries
configure:11967: result: yes
configure:11970: checking whether to build shared libraries
configure:11991: result: yes
configure:11994: checking whether to build static libraries
configure:11998: result: yes
configure:12037: checking for ANSI C header files
configure:12141: result: yes
configure:12152: checking malloc.h usability
configure:12152: gcc -c -g -O2  conftest.c >&5
configure:12152: $? = 0
configure:12152: result: yes
configure:12152: checking malloc.h presence
configure:12152: gcc -E  conftest.c
configure:12152: $? = 0
configure:12152: result: yes
configure:12152: checking for malloc.h
configure:12152: result: yes
configure:12152: checking for stdlib.h
configure:12152: result: yes
configure:12152: checking for string.h
configure:12152: result: yes
configure:12152: checking for strings.h
configure:12152: result: yes
configure:12164: checking for an ANSI C-conforming const
configure:12230: gcc -c -g -O2  conftest.c >&5
configure:12230: $? = 0
configure:12237: result: yes
configure:12245: checking for size_t
configure:12245: gcc -c -g -O2  conftest.c >&5
configure:12245: $? = 0
configure:12245: gcc -c -g -O2  conftest.c >&5
conftest.c: In function 'main':
conftest.c:63:21: error: expected expression before ')' token
configure:12245: $? = 1
configure: failed program was:
| /* confdefs.h */
| #define PACKAGE_NAME "libpng"
| #define PACKAGE_TARNAME "libpng"
| #define PACKAGE_VERSION "1.5.16"
| #define PACKAGE_STRING "libpng 1.5.16"
| #define PACKAGE_BUGREPORT "png-mng-implement@lists.sourceforge.net"
| #define PACKAGE_URL ""
| #define PACKAGE "libpng"
| #define VERSION "1.5.16"
| #define STDC_HEADERS 1
| #define HAVE_SYS_TYPES_H 1
| #define HAVE_SYS_STAT_H 1
| #define HAVE_STDLIB_H 1
| #define HAVE_STRING_H 1
| #define HAVE_MEMORY_H 1
| #define HAVE_STRINGS_H 1
| #define HAVE_INTTYPES_H 1
| #define HAVE_STDINT_H 1
| #define HAVE_UNISTD_H 1
| #define LT_OBJDIR ".libs/"
| #define STDC_HEADERS 1
| #define HAVE_MALLOC_H 1
| #define HAVE_STDLIB_H 1
| #define HAVE_STRING_H 1
| #define HAVE_STRINGS_H 1
| /* end confdefs.h.  */
| #include <stdio.h>
| #ifdef HAVE_SYS_TYPES_H
| # include <sys/types.h>
| #endif
| #ifdef HAVE_SYS_STAT_H
| # include <sys/stat.h>
| #endif
| #ifdef STDC_HEADERS
| # include <stdlib.h>
| # include <stddef.h>
| #else
| # ifdef HAVE_STDLIB_H
| #  include <stdlib.h>
| # endif
| #endif
| #ifdef HAVE_STRING_H
| # if !defined STDC_HEADERS && defined HAVE_MEMORY_H
| #  include <memory.h>
| # endif
| # include <string.h>
| #endif
| #ifdef HAVE_STRINGS_H
| # include <strings.h>
| #endif
| #ifdef HAVE_INTTYPES_H
| # include <inttypes.h>
| #endif
| #ifdef HAVE_STDINT_H
| # include <stdint.h>
| #endif
| #ifdef HAVE_UNISTD_H
| # include <unistd.h>
| #endif
| int
| main ()
| {
| if (sizeof ((size_t)))
| 	    return 0;
|   ;
|   return 0;
| }
configure:12245: result: yes
configure:12256: checking whether struct tm is in sys/time.h or time.h
configure:12276: gcc -c -g -O2  conftest.c >&5
configure:12276: $? = 0
configure:12283: result: time.h
configure:12291: checking for C/C++ restrict keyword
configure:12316: gcc -c -g -O2  conftest.c >&5
configure:12316: $? = 0
configure:12324: result: __restrict
configure:12344: checking for working strtod
configure:12385: gcc -o conftest.exe -g -O2   conftest.c  >&5
configure:12385: $? = 0
configure:12385: ./conftest.exe
configure:12385: $? = 0
configure:12395: result: yes
configure:12459: checking for memset
configure:12459: gcc -o conftest.exe -g -O2   conftest.c  >&5
conftest.c:51:6: warning: conflicting types for built-in function 'memset' [enabled by default]
configure:12459: $? = 0
configure:12459: result: yes
configure:12472: checking for pow
configure:12472: gcc -o conftest.exe -g -O2   conftest.c  >&5
conftest.c:52:6: warning: conflicting types for built-in function 'pow' [enabled by default]
configure:12472: $? = 0
configure:12472: result: yes
configure:12537: checking for zlibVersion in -lz
configure:12562: gcc -o conftest.exe -g -O2   conftest.c -lz   >&5
c:/mingw/bin/../lib/gcc/mingw32/4.6.2/../../../../mingw32/bin/ld.exe: cannot find -lz
collect2: ld returned 1 exit status
configure:12562: $? = 1
configure: failed program was:
| /* confdefs.h */
| #define PACKAGE_NAME "libpng"
| #define PACKAGE_TARNAME "libpng"
| #define PACKAGE_VERSION "1.5.16"
| #define PACKAGE_STRING "libpng 1.5.16"
| #define PACKAGE_BUGREPORT "png-mng-implement@lists.sourceforge.net"
| #define PACKAGE_URL ""
| #define PACKAGE "libpng"
| #define VERSION "1.5.16"
| #define STDC_HEADERS 1
| #define HAVE_SYS_TYPES_H 1
| #define HAVE_SYS_STAT_H 1
| #define HAVE_STDLIB_H 1
| #define HAVE_STRING_H 1
| #define HAVE_MEMORY_H 1
| #define HAVE_STRINGS_H 1
| #define HAVE_INTTYPES_H 1
| #define HAVE_STDINT_H 1
| #define HAVE_UNISTD_H 1
| #define LT_OBJDIR ".libs/"
| #define STDC_HEADERS 1
| #define HAVE_MALLOC_H 1
| #define HAVE_STDLIB_H 1
| #define HAVE_STRING_H 1
| #define HAVE_STRINGS_H 1
| #define restrict __restrict
| #define HAVE_MEMSET 1
| #define HAVE_POW 1
| /* end confdefs.h.  */
| 
| /* Override any GCC internal prototype to avoid an error.
|    Use char because int might match the return type of a GCC
|    builtin and then its argument prototype would still apply.  */
| #ifdef __cplusplus
| extern "C"
| #endif
| char zlibVersion ();
| int
| main ()
| {
| return zlibVersion ();
|   ;
|   return 0;
| }
configure:12571: result: no
configure:12582: checking for z_zlibVersion in -lz
configure:12607: gcc -o conftest.exe -g -O2   conftest.c -lz   >&5
c:/mingw/bin/../lib/gcc/mingw32/4.6.2/../../../../mingw32/bin/ld.exe: cannot find -lz
collect2: ld returned 1 exit status
configure:12607: $? = 1
configure: failed program was:
| /* confdefs.h */
| #define PACKAGE_NAME "libpng"
| #define PACKAGE_TARNAME "libpng"
| #define PACKAGE_VERSION "1.5.16"
| #define PACKAGE_STRING "libpng 1.5.16"
| #define PACKAGE_BUGREPORT "png-mng-implement@lists.sourceforge.net"
| #define PACKAGE_URL ""
| #define PACKAGE "libpng"
| #define VERSION "1.5.16"
| #define STDC_HEADERS 1
| #define HAVE_SYS_TYPES_H 1
| #define HAVE_SYS_STAT_H 1
| #define HAVE_STDLIB_H 1
| #define HAVE_STRING_H 1
| #define HAVE_MEMORY_H 1
| #define HAVE_STRINGS_H 1
| #define HAVE_INTTYPES_H 1
| #define HAVE_STDINT_H 1
| #define HAVE_UNISTD_H 1
| #define LT_OBJDIR ".libs/"
| #define STDC_HEADERS 1
| #define HAVE_MALLOC_H 1
| #define HAVE_STDLIB_H 1
| #define HAVE_STRING_H 1
| #define HAVE_STRINGS_H 1
| #define restrict __restrict
| #define HAVE_MEMSET 1
| #define HAVE_POW 1
| /* end confdefs.h.  */
| 
| /* Override any GCC internal prototype to avoid an error.
|    Use char because int might match the return type of a GCC
|    builtin and then its argument prototype would still apply.  */
| #ifdef __cplusplus
| extern "C"
| #endif
| char z_zlibVersion ();
| int
| main ()
| {
| return z_zlibVersion ();
|   ;
|   return 0;
| }
configure:12617: result: no
configure:12627: error: zlib not installed

## ---------------- ##
## Cache variables. ##
## ---------------- ##

ac_cv_build=i686-pc-mingw32
ac_cv_c_compiler_gnu=yes
ac_cv_c_const=yes
ac_cv_c_restrict=__restrict
ac_cv_env_CCASFLAGS_set=
ac_cv_env_CCASFLAGS_value=
ac_cv_env_CCAS_set=
ac_cv_env_CCAS_value=
ac_cv_env_CC_set=
ac_cv_env_CC_value=
ac_cv_env_CFLAGS_set=
ac_cv_env_CFLAGS_value=
ac_cv_env_CPPFLAGS_set=
ac_cv_env_CPPFLAGS_value=
ac_cv_env_CPP_set=
ac_cv_env_CPP_value=
ac_cv_env_LDFLAGS_set=
ac_cv_env_LDFLAGS_value=
ac_cv_env_LIBS_set=
ac_cv_env_LIBS_value=
ac_cv_env_build_alias_set=
ac_cv_env_build_alias_value=
ac_cv_env_host_alias_set=
ac_cv_env_host_alias_value=
ac_cv_env_target_alias_set=
ac_cv_env_target_alias_value=
ac_cv_exeext=.exe
ac_cv_func_memset=yes
ac_cv_func_pow=yes
ac_cv_func_strtod=yes
ac_cv_header_dlfcn_h=no
ac_cv_header_inttypes_h=yes
ac_cv_header_malloc_h=yes
ac_cv_header_memory_h=yes
ac_cv_header_stdc=yes
ac_cv_header_stdint_h=yes
ac_cv_header_stdlib_h=yes
ac_cv_header_string_h=yes
ac_cv_header_strings_h=yes
ac_cv_header_sys_stat_h=yes
ac_cv_header_sys_types_h=yes
ac_cv_header_unistd_h=yes
ac_cv_host=i686-pc-mingw32
ac_cv_lib_z_z_zlibVersion=no
ac_cv_lib_z_zlibVersion=no
ac_cv_objext=o
ac_cv_path_EGREP='/bin/grep -E'
ac_cv_path_FGREP='/bin/grep -F'
ac_cv_path_GREP=/bin/grep
ac_cv_path_SED=/bin/sed
ac_cv_path_install='/bin/install -c'
ac_cv_path_mkdir=/bin/mkdir
ac_cv_prog_AWK=gawk
ac_cv_prog_CPP='gcc -E'
ac_cv_prog_ac_ct_AR=ar
ac_cv_prog_ac_ct_AS=as
ac_cv_prog_ac_ct_CC=gcc
ac_cv_prog_ac_ct_DLLTOOL=dlltool
ac_cv_prog_ac_ct_OBJDUMP=objdump
ac_cv_prog_ac_ct_RANLIB=ranlib
ac_cv_prog_ac_ct_STRIP=strip
ac_cv_prog_cc_c89=
ac_cv_prog_cc_g=yes
ac_cv_prog_make_make_set=yes
ac_cv_struct_tm=time.h
ac_cv_type_size_t=yes
am_cv_CCAS_dependencies_compiler_type=gcc3
am_cv_CC_dependencies_compiler_type=gcc3
am_cv_make_support_nested_variables=yes
lt_cv_ar_at_file=@
lt_cv_archive_cmds_need_lc=yes
lt_cv_deplibs_check_method='file_magic ^x86 archive import|^x86 DLL'
lt_cv_file_magic_cmd=func_win32_libid
lt_cv_file_magic_test_file=
lt_cv_ld_reload_flag=-r
lt_cv_nm_interface='BSD nm'
lt_cv_objdir=.libs
lt_cv_path_LD=c:/mingw/mingw32/bin/ld.exe
lt_cv_path_NM='/bin/nm -B'
lt_cv_path_mainfest_tool=no
lt_cv_prog_compiler_c_o=yes
lt_cv_prog_compiler_pic='-DDLL_EXPORT -DPIC'
lt_cv_prog_compiler_pic_works=yes
lt_cv_prog_compiler_rtti_exceptions=no
lt_cv_prog_compiler_static_works=yes
lt_cv_prog_gnu_ld=yes
lt_cv_sharedlib_from_linklib_cmd=func_cygming_dll_for_implib
lt_cv_sys_global_symbol_pipe='sed -n -e '\''s/^.*[	 ]\([ABCDGIRSTW][ABCDGIRSTW]*\)[	 ][	 ]*_\([_A-Za-z][_A-Za-z0-9]*\)\{0,1\}$/\1 _\2 \2/p'\'' | sed '\''/ __gnu_lto/d'\'''
lt_cv_sys_global_symbol_to_c_name_address='sed -n -e '\''s/^: \([^ ]*\)[ ]*$/  {\"\1\", (void *) 0},/p'\'' -e '\''s/^[ABCDGIRSTW]* \([^ ]*\) \([^ ]*\)$/  {"\2", (void *) \&\2},/p'\'''
lt_cv_sys_global_symbol_to_c_name_address_lib_prefix='sed -n -e '\''s/^: \([^ ]*\)[ ]*$/  {\"\1\", (void *) 0},/p'\'' -e '\''s/^[ABCDGIRSTW]* \([^ ]*\) \(lib[^ ]*\)$/  {"\2", (void *) \&\2},/p'\'' -e '\''s/^[ABCDGIRSTW]* \([^ ]*\) \([^ ]*\)$/  {"lib\2", (void *) \&\2},/p'\'''
lt_cv_sys_global_symbol_to_cdecl='sed -n -e '\''s/^T .* \(.*\)$/extern int \1();/p'\'' -e '\''s/^[ABCDGIRSTW]* .* \(.*\)$/extern char \1;/p'\'''
lt_cv_sys_max_cmd_len=8192
lt_cv_to_host_file_cmd=func_convert_file_msys_to_w32
lt_cv_to_tool_file_cmd=func_convert_file_msys_to_w32

## ----------------- ##
## Output variables. ##
## ----------------- ##

ACLOCAL='${SHELL} /home/Gwydion/libpng-1.5.16/missing aclocal-1.13'
AMDEPBACKSLASH='\'
AMDEP_FALSE='#'
AMDEP_TRUE=''
AMTAR='$${TAR-tar}'
AM_BACKSLASH='\'
AM_DEFAULT_V='$(AM_DEFAULT_VERBOSITY)'
AM_DEFAULT_VERBOSITY='1'
AM_V='$(V)'
AR='ar'
AS='as'
AUTOCONF='${SHELL} /home/Gwydion/libpng-1.5.16/missing autoconf'
AUTOHEADER='${SHELL} /home/Gwydion/libpng-1.5.16/missing autoheader'
AUTOMAKE='${SHELL} /home/Gwydion/libpng-1.5.16/missing automake-1.13'
AWK='gawk'
CC='gcc'
CCAS='gcc'
CCASDEPMODE='depmode=gcc3'
CCASFLAGS='-g -O2'
CCDEPMODE='depmode=gcc3'
CFLAGS='-g -O2'
CPP='gcc -E'
CPPFLAGS=''
CYGPATH_W='echo'
DEFS=''
DEPDIR='.deps'
DFNCPP='gcc -E'
DLLTOOL='dlltool'
DSYMUTIL=''
DUMPBIN=''
ECHO_C=''
ECHO_N='-n'
ECHO_T=''
EGREP='/bin/grep -E'
EXEEXT='.exe'
FGREP='/bin/grep -F'
GREP='/bin/grep'
HAVE_LD_VERSION_SCRIPT_FALSE=''
HAVE_LD_VERSION_SCRIPT_TRUE=''
HAVE_SOLARIS_LD_FALSE=''
HAVE_SOLARIS_LD_TRUE=''
INSTALL_DATA='${INSTALL} -m 644'
INSTALL_PROGRAM='${INSTALL}'
INSTALL_SCRIPT='${INSTALL}'
INSTALL_STRIP_PROGRAM='$(install_sh) -c -s'
LD='c:/mingw/mingw32/bin/ld.exe'
LDFLAGS=''
LIBOBJS=''
LIBPNG_DEFINES=''
LIBS=''
LIBTOOL='$(SHELL) $(top_builddir)/libtool'
LIPO=''
LN_S='cp -pR'
LTLIBOBJS=''
MAINT='#'
MAINTAINER_MODE_FALSE=''
MAINTAINER_MODE_TRUE='#'
MAKEINFO='${SHELL} /home/Gwydion/libpng-1.5.16/missing makeinfo'
MANIFEST_TOOL=':'
MKDIR_P='/bin/mkdir -p'
NM='/bin/nm -B'
NMEDIT=''
OBJDUMP='objdump'
OBJEXT='o'
OTOOL64=''
OTOOL=''
PACKAGE='libpng'
PACKAGE_BUGREPORT='png-mng-implement@lists.sourceforge.net'
PACKAGE_NAME='libpng'
PACKAGE_STRING='libpng 1.5.16'
PACKAGE_TARNAME='libpng'
PACKAGE_URL=''
PACKAGE_VERSION='1.5.16'
PATH_SEPARATOR=':'
PNGLIB_MAJOR='1'
PNGLIB_MINOR='5'
PNGLIB_RELEASE='16'
PNGLIB_VERSION='1.5.16'
PNG_ARM_NEON_FALSE=''
PNG_ARM_NEON_TRUE=''
POW_LIB=''
RANLIB='ranlib'
SED='/bin/sed'
SET_MAKE=''
SHELL='/bin/sh'
STRIP='strip'
SYMBOL_PREFIX=''
VERSION='1.5.16'
ac_ct_AR='ar'
ac_ct_CC='gcc'
ac_ct_DUMPBIN=''
am__EXEEXT_FALSE=''
am__EXEEXT_TRUE=''
am__fastdepCCAS_FALSE='#'
am__fastdepCCAS_TRUE=''
am__fastdepCC_FALSE='#'
am__fastdepCC_TRUE=''
am__include='include'
am__isrc=''
am__leading_dot='.'
am__nodep='_no'
am__quote=''
am__tar='$${TAR-tar} chof - "$$tardir"'
am__untar='$${TAR-tar} xf -'
binconfigs=''
bindir='${exec_prefix}/bin'
build='i686-pc-mingw32'
build_alias=''
build_cpu='i686'
build_os='mingw32'
build_vendor='pc'
datadir='${datarootdir}'
datarootdir='${prefix}/share'
docdir='${datarootdir}/doc/${PACKAGE_TARNAME}'
dvidir='${docdir}'
exec_prefix='NONE'
host='i686-pc-mingw32'
host_alias=''
host_cpu='i686'
host_os='mingw32'
host_vendor='pc'
htmldir='${docdir}'
includedir='${prefix}/include'
infodir='${datarootdir}/info'
install_sh='${SHELL} /home/Gwydion/libpng-1.5.16/install-sh'
libdir='${exec_prefix}/lib'
libexecdir='${exec_prefix}/libexec'
localedir='${datarootdir}/locale'
localstatedir='${prefix}/var'
mandir='${datarootdir}/man'
mkdir_p='$(MKDIR_P)'
oldincludedir='/usr/include'
pdfdir='${docdir}'
pkgconfigdir=''
prefix='NONE'
program_transform_name='s,x,x,'
psdir='${docdir}'
sbindir='${exec_prefix}/sbin'
sharedstatedir='${prefix}/com'
sysconfdir='${prefix}/etc'
target_alias=''

## ----------- ##
## confdefs.h. ##
## ----------- ##

/* confdefs.h */
#define PACKAGE_NAME "libpng"
#define PACKAGE_TARNAME "libpng"
#define PACKAGE_VERSION "1.5.16"
#define PACKAGE_STRING "libpng 1.5.16"
#define PACKAGE_BUGREPORT "png-mng-implement@lists.sourceforge.net"
#define PACKAGE_URL ""
#define PACKAGE "libpng"
#define VERSION "1.5.16"
#define STDC_HEADERS 1
#define HAVE_SYS_TYPES_H 1
#define HAVE_SYS_STAT_H 1
#define HAVE_STDLIB_H 1
#define HAVE_STRING_H 1
#define HAVE_MEMORY_H 1
#define HAVE_STRINGS_H 1
#define HAVE_INTTYPES_H 1
#define HAVE_STDINT_H 1
#define HAVE_UNISTD_H 1
#define LT_OBJDIR ".libs/"
#define STDC_HEADERS 1
#define HAVE_MALLOC_H 1
#define HAVE_STDLIB_H 1
#define HAVE_STRING_H 1
#define HAVE_STRINGS_H 1
#define restrict __restrict
#define HAVE_MEMSET 1
#define HAVE_POW 1

configure: exit 1
